<?xml version="1.0" encoding="UTF-8"?>
<!-- Generated by org.testng.reporters.JUnitReportReporter -->
<testsuite skipped="2" hostname="Vrushali-PC" name="com.qtpselenium.hybrid.suitea.TestB" tests="2" failures="0" timestamp="10 Aug 2018 10:52:30 GMT" time="0.195" errors="0">
  <testcase name="loginTest" time="0.104" classname="com.qtpselenium.hybrid.suitea.TestB">
    <skipped/>
  </testcase> <!-- loginTest -->
  <testcase name="loginTest" time="0.091" classname="com.qtpselenium.hybrid.suitea.TestB">
    <skipped/>
  </testcase> <!-- loginTest -->
</testsuite> <!-- com.qtpselenium.hybrid.suitea.TestB -->
